<?xml version="1.0" encoding="UTF-8"?>
<!-- Generated by org.testng.reporters.JUnitReportReporter -->
<testsuite hostname="FDSPCpREyYPGKsA" failures="0" tests="4" name="com.SeleniumCodeTest.SwagLabs" time="1.333" errors="0" timestamp="2023-06-26T19:34:46 IST" skipped="0">
  <testcase classname="com.SeleniumCodeTest.SwagLabs" name="login" time="0.393"/>
  <system-out/>
  <testcase classname="com.SeleniumCodeTest.SwagLabs" name="sortProducts" time="0.496"/>
  <system-out/>
  <testcase classname="com.SeleniumCodeTest.SwagLabs" name="addProductsToCart" time="0.252"/>
  <system-out/>
  <testcase classname="com.SeleniumCodeTest.SwagLabs" name="gotoCart" time="0.192"/>
  <system-out/>
</testsuite> <!-- com.SeleniumCodeTest.SwagLabs -->
