<?xml version="1.0" encoding="UTF-8"?>
<!-- Generated by org.testng.reporters.JUnitReportReporter -->
<testsuite hostname="FDSPCpREyYPGKsA" failures="0" tests="1" name="com.SeleniumCodeTest.Login_test" time="0.276" errors="0" timestamp="2023-06-26T15:14:19 IST" skipped="0">
  <testcase classname="com.SeleniumCodeTest.Login_test" name="login" time="0.276"/>
  <system-out/>
</testsuite> <!-- com.SeleniumCodeTest.Login_test -->
